<?xml version="1.0" encoding="UTF-8"?>
<testsuite name="com.testingcompany.testfunction.TestFunction" tests="1" skipped="0" failures="0" errors="0" timestamp="2020-08-13T06:08:42" hostname="Falerys-MacBook-Pro.local" time="0.019">
  <properties/>
  <testcase name="arrayTesting" classname="com.testingcompany.testfunction.TestFunction" time="0.019"/>
  <system-out><![CDATA[1st Array: 1 3 5 7 9 11 13 15 17 19 21 23 25 27 29 31 33 35 37 39
2nd Array: 3 6 9 12 15 18 21 24 27 30 33 36
Same entries: 3 9 15 21 27 33
]]></system-out>
  <system-err><![CDATA[]]></system-err>
</testsuite>
